<?xml version="1.0" encoding="UTF-8"?>
<!-- Generated by org.testng.reporters.JUnitReportReporter -->
<testsuite hostname="ICE-PC" name="offlineWebsitePOM.LoginPageTest" tests="4" failures="0" timestamp="5 Oct 2019 10:26:52 GMT" time="35.045" errors="0">
  <testcase name="loginPageTitleTest" time="13.055" classname="offlineWebsitePOM.LoginPageTest"/>
  <testcase name="loginPageUrlTest" time="6.637" classname="offlineWebsitePOM.LoginPageTest"/>
  <testcase name="ImageTest" time="6.153" classname="offlineWebsitePOM.LoginPageTest"/>
  <testcase name="loginTest" time="9.200" classname="offlineWebsitePOM.LoginPageTest"/>
</testsuite> <!-- offlineWebsitePOM.LoginPageTest -->
