<?xml version="1.0" encoding="UTF-8"?>
<!-- Generated by org.testng.reporters.JUnitReportReporter -->
<testsuite hostname="ICE-PC" name="offlineWebsitePOM.HomePageTest" tests="3" failures="0" timestamp="5 Aug 2019 11:45:25 GMT" time="28.502" errors="0">
  <testcase name="verifyHomePageTitleTest" time="9.069" classname="offlineWebsitePOM.HomePageTest"/>
  <testcase name="verifyUserLabelTest" time="8.368" classname="offlineWebsitePOM.HomePageTest"/>
  <testcase name="verifyUsersLinkTest" time="11.065" classname="offlineWebsitePOM.HomePageTest"/>
</testsuite> <!-- offlineWebsitePOM.HomePageTest -->
