<?xml version="1.0" encoding="UTF-8"?>
<!-- Generated by org.testng.reporters.JUnitReportReporter -->
<testsuite hostname="ICE-PC" name="offlineWebsitePOM.UsersPageTest" tests="4" failures="0" timestamp="5 Aug 2019 11:45:25 GMT" time="47.907" errors="0">
  <testcase name="addingNewUser" time="11.927" classname="offlineWebsitePOM.UsersPageTest"/>
  <testcase name="addingNewUser" time="12.306" classname="offlineWebsitePOM.UsersPageTest"/>
  <testcase name="addingNewUser" time="12.965" classname="offlineWebsitePOM.UsersPageTest"/>
  <testcase name="verifyUsersLabel" time="10.709" classname="offlineWebsitePOM.UsersPageTest"/>
</testsuite> <!-- offlineWebsitePOM.UsersPageTest -->
